[ 2016-10-25T14:10:48+08:00 ] 127.0.0.1 /
INFO: [ app_init ] --START--
INFO: Run Behavior\BuildLiteBehavior [ RunTime:0.000000s ]
INFO: [ app_init ] --END-- [ RunTime:0.029002s ]
INFO: [ app_begin ] --START--

[ 2016-10-25T14:10:54+08:00 ] 127.0.0.1 /index.php?m=Home&c=Cart&a=header_cart_list
INFO: [ app_init ] --START--
INFO: Run Behavior\BuildLiteBehavior [ RunTime:0.000000s ]
INFO: [ app_init ] --END-- [ RunTime:0.001000s ]
INFO: [ app_begin ] --START--
INFO: Run Behavior\ReadHtmlCacheBehavior [ RunTime:0.000000s ]
INFO: [ app_begin ] --END-- [ RunTime:0.000000s ]
NOTIC: [8] Use of undefined constant user_id - assumed 'user_id' D:\wamp\www\TPshop\www\Application\Home\Logic\CartLogic.class.php 第 160 行.
NOTIC: [8] Undefined index: user_id D:\wamp\www\TPshop\www\Application\Home\Logic\CartLogic.class.php 第 160 行.
NOTIC: [8] Use of undefined constant user_id - assumed 'user_id' D:\wamp\www\TPshop\www\Application\Home\Logic\CartLogic.class.php 第 168 行.
INFO: [ view_begin ] --START--
INFO: Run Home\Behaviors\testBehavior [ RunTime:0.006001s ]
INFO: [ view_begin ] --END-- [ RunTime:0.006001s ]
INFO: [ view_parse ] --START--
INFO: [ template_filter ] --START--
INFO: Run Behavior\ContentReplaceBehavior [ RunTime:0.000000s ]
INFO: [ template_filter ] --END-- [ RunTime:0.000000s ]
NOTIC: [8] Use of undefined constant num - assumed 'num' D:\wamp\www\TPshop\www\Application\Runtime\Cache\Home\ecd6c5bea5115879e25bfec4026f713b.php 第 35 行.
NOTIC: [8] Use of undefined constant total_fee - assumed 'total_fee' D:\wamp\www\TPshop\www\Application\Runtime\Cache\Home\ecd6c5bea5115879e25bfec4026f713b.php 第 35 行.
NOTIC: [8] Use of undefined constant anum - assumed 'anum' D:\wamp\www\TPshop\www\Application\Runtime\Cache\Home\ecd6c5bea5115879e25bfec4026f713b.php 第 39 行.
NOTIC: [8] Undefined index: anum D:\wamp\www\TPshop\www\Application\Runtime\Cache\Home\ecd6c5bea5115879e25bfec4026f713b.php 第 39 行.
INFO: Run Behavior\ParseTemplateBehavior [ RunTime:0.097005s ]
INFO: [ view_parse ] --END-- [ RunTime:0.098005s ]
INFO: [ view_filter ] --START--
INFO: Run Behavior\WriteHtmlCacheBehavior [ RunTime:0.034002s ]
INFO: Run Behavior\TokenBuildBehavior [ RunTime:0.017001s ]
INFO: [ view_filter ] --END-- [ RunTime:0.051003s ]
INFO: [ app_end ] --START--
INFO: Run Behavior\ShowPageTraceBehavior [ RunTime:0.018001s ]
INFO: [ app_end ] --END-- [ RunTime:0.018001s ]

