[ 2016-10-13T09:03:23+08:00 ] 127.0.0.1 /thinkphp_3.2.3/CMS/Home/lantian/index.html
INFO: [ app_init ] --START--
INFO: Run Behavior\BuildLiteBehavior [ RunTime:0.000000s ]
INFO: [ app_init ] --END-- [ RunTime:0.000000s ]
ERR: 无法加载模块:CMS

[ 2016-10-13T09:08:31+08:00 ] 127.0.0.1 /thinkphp_3.2.3/CMS/Home/lantian/index.html
INFO: [ app_init ] --START--
INFO: Run Behavior\BuildLiteBehavior [ RunTime:0.000000s ]
INFO: [ app_init ] --END-- [ RunTime:0.000000s ]
ERR: 无法加载模块:CMS

[ 2016-10-13T09:08:33+08:00 ] 127.0.0.1 /thinkphp_3.2.3/CMS/Home/lantian/index.html
INFO: [ app_init ] --START--
INFO: Run Behavior\BuildLiteBehavior [ RunTime:0.000000s ]
INFO: [ app_init ] --END-- [ RunTime:0.000000s ]
ERR: 无法加载模块:CMS

[ 2016-10-13T09:08:34+08:00 ] 127.0.0.1 /thinkphp_3.2.3/CMS/Home/lantian/index.html
INFO: [ app_init ] --START--
INFO: Run Behavior\BuildLiteBehavior [ RunTime:0.000000s ]
INFO: [ app_init ] --END-- [ RunTime:0.001000s ]
ERR: 无法加载模块:CMS

[ 2016-10-13T09:15:15+08:00 ] 127.0.0.1 /thinkphp_3.2.3/Public/lantian//jwplayer.html5.js
INFO: [ app_init ] --START--
INFO: Run Behavior\BuildLiteBehavior [ RunTime:0.000000s ]
INFO: [ app_init ] --END-- [ RunTime:0.000000s ]
ERR: 无法加载模块:Public

[ 2016-10-13T09:15:15+08:00 ] 127.0.0.1 /thinkphp_3.2.3/Public/lantian//jwplayer.js
INFO: [ app_init ] --START--
INFO: Run Behavior\BuildLiteBehavior [ RunTime:0.000000s ]
INFO: [ app_init ] --END-- [ RunTime:0.000000s ]
ERR: 无法加载模块:Public

[ 2016-10-13T09:15:15+08:00 ] 127.0.0.1 /thinkphp_3.2.3/Public/lantian//jwplayer.html5.js
INFO: [ app_init ] --START--
INFO: Run Behavior\BuildLiteBehavior [ RunTime:0.000000s ]
INFO: [ app_init ] --END-- [ RunTime:0.000000s ]
ERR: 无法加载模块:Public

[ 2016-10-13T09:17:09+08:00 ] 127.0.0.1 /thinkphp_3.2.3/Public/lantian//jwplayer.js
INFO: [ app_init ] --START--
INFO: Run Behavior\BuildLiteBehavior [ RunTime:0.000000s ]
INFO: [ app_init ] --END-- [ RunTime:0.001000s ]
ERR: 无法加载模块:Public

[ 2016-10-13T09:17:09+08:00 ] 127.0.0.1 /thinkphp_3.2.3/Public/lantian//jwplayer.html5.js
INFO: [ app_init ] --START--
INFO: Run Behavior\BuildLiteBehavior [ RunTime:0.000000s ]
INFO: [ app_init ] --END-- [ RunTime:0.001000s ]
ERR: 无法加载模块:Public

[ 2016-10-13T09:17:09+08:00 ] 127.0.0.1 /thinkphp_3.2.3/Public/lantian//jwplayer.js
INFO: [ app_init ] --START--
INFO: Run Behavior\BuildLiteBehavior [ RunTime:0.000000s ]
INFO: [ app_init ] --END-- [ RunTime:0.000000s ]
ERR: 无法加载模块:Public

[ 2016-10-13T09:17:09+08:00 ] 127.0.0.1 /thinkphp_3.2.3/Public/lantian//jwplayer.html5.js
INFO: [ app_init ] --START--
INFO: Run Behavior\BuildLiteBehavior [ RunTime:0.000000s ]
INFO: [ app_init ] --END-- [ RunTime:0.001001s ]
ERR: 无法加载模块:Public

[ 2016-10-13T09:17:10+08:00 ] 127.0.0.1 /thinkphp_3.2.3/Public/lantian//jwplayer.html5.js
INFO: [ app_init ] --START--
INFO: Run Behavior\BuildLiteBehavior [ RunTime:0.000000s ]
INFO: [ app_init ] --END-- [ RunTime:0.001000s ]
ERR: 无法加载模块:Public

[ 2016-10-13T09:17:10+08:00 ] 127.0.0.1 /thinkphp_3.2.3/Public/lantian//jwplayer.js
INFO: [ app_init ] --START--
INFO: Run Behavior\BuildLiteBehavior [ RunTime:0.000000s ]
INFO: [ app_init ] --END-- [ RunTime:0.002000s ]
ERR: 无法加载模块:Public

[ 2016-10-13T09:17:10+08:00 ] 127.0.0.1 /thinkphp_3.2.3/Public/lantian//jwplayer.html5.js
INFO: [ app_init ] --START--
INFO: Run Behavior\BuildLiteBehavior [ RunTime:0.001000s ]
INFO: [ app_init ] --END-- [ RunTime:0.001000s ]
ERR: 无法加载模块:Public

[ 2016-10-13T09:17:18+08:00 ] 127.0.0.1 /thinkphp_3.2.3/Public/lantian//jwplayer.js
INFO: [ app_init ] --START--
INFO: Run Behavior\BuildLiteBehavior [ RunTime:0.000000s ]
INFO: [ app_init ] --END-- [ RunTime:0.001000s ]
ERR: 无法加载模块:Public

[ 2016-10-13T09:17:18+08:00 ] 127.0.0.1 /thinkphp_3.2.3/Public/lantian//jwplayer.html5.js
INFO: [ app_init ] --START--
INFO: Run Behavior\BuildLiteBehavior [ RunTime:0.000000s ]
INFO: [ app_init ] --END-- [ RunTime:0.001000s ]
ERR: 无法加载模块:Public

[ 2016-10-13T09:17:18+08:00 ] 127.0.0.1 /thinkphp_3.2.3/Public/lantian//jwplayer.js
INFO: [ app_init ] --START--
INFO: Run Behavior\BuildLiteBehavior [ RunTime:0.000000s ]
INFO: [ app_init ] --END-- [ RunTime:0.000000s ]
ERR: 无法加载模块:Public

[ 2016-10-13T09:17:18+08:00 ] 127.0.0.1 /thinkphp_3.2.3/Public/lantian//jwplayer.html5.js
INFO: [ app_init ] --START--
INFO: Run Behavior\BuildLiteBehavior [ RunTime:0.000000s ]
INFO: [ app_init ] --END-- [ RunTime:0.000000s ]
ERR: 无法加载模块:Public

[ 2016-10-13T09:19:11+08:00 ] 127.0.0.1 /thinkphp_3.2.3/Public/lantian//jwplayer.html5.js
INFO: [ app_init ] --START--
INFO: Run Behavior\BuildLiteBehavior [ RunTime:0.000000s ]
INFO: [ app_init ] --END-- [ RunTime:0.000000s ]
ERR: 无法加载模块:Public

[ 2016-10-13T09:19:11+08:00 ] 127.0.0.1 /thinkphp_3.2.3/Public/lantian//jwplayer.js
INFO: [ app_init ] --START--
INFO: Run Behavior\BuildLiteBehavior [ RunTime:0.000000s ]
INFO: [ app_init ] --END-- [ RunTime:0.000000s ]
ERR: 无法加载模块:Public

[ 2016-10-13T09:19:11+08:00 ] 127.0.0.1 /thinkphp_3.2.3/Public/lantian//jwplayer.js
INFO: [ app_init ] --START--
INFO: Run Behavior\BuildLiteBehavior [ RunTime:0.000000s ]
INFO: [ app_init ] --END-- [ RunTime:0.000000s ]
ERR: 无法加载模块:Public

[ 2016-10-13T09:19:11+08:00 ] 127.0.0.1 /thinkphp_3.2.3/Public/lantian//jwplayer.html5.js
INFO: [ app_init ] --START--
INFO: Run Behavior\BuildLiteBehavior [ RunTime:0.000000s ]
INFO: [ app_init ] --END-- [ RunTime:0.000000s ]
ERR: 无法加载模块:Public

[ 2016-10-13T09:19:36+08:00 ] 127.0.0.1 /thinkphp_3.2.3/Public/lantian//jwplayer.js
INFO: [ app_init ] --START--
INFO: Run Behavior\BuildLiteBehavior [ RunTime:0.000000s ]
INFO: [ app_init ] --END-- [ RunTime:0.001000s ]
ERR: 无法加载模块:Public

[ 2016-10-13T09:19:36+08:00 ] 127.0.0.1 /thinkphp_3.2.3/Public/lantian//jwplayer.html5.js
INFO: [ app_init ] --START--
INFO: Run Behavior\BuildLiteBehavior [ RunTime:0.000000s ]
INFO: [ app_init ] --END-- [ RunTime:0.001000s ]
ERR: 无法加载模块:Public

[ 2016-10-13T09:19:36+08:00 ] 127.0.0.1 /thinkphp_3.2.3/Public/lantian//jwplayer.js
INFO: [ app_init ] --START--
INFO: Run Behavior\BuildLiteBehavior [ RunTime:0.000000s ]
INFO: [ app_init ] --END-- [ RunTime:0.001000s ]
ERR: 无法加载模块:Public

[ 2016-10-13T09:19:36+08:00 ] 127.0.0.1 /thinkphp_3.2.3/Public/lantian//jwplayer.html5.js
INFO: [ app_init ] --START--
INFO: Run Behavior\BuildLiteBehavior [ RunTime:0.000000s ]
INFO: [ app_init ] --END-- [ RunTime:0.000000s ]
ERR: 无法加载模块:Public

[ 2016-10-13T09:21:07+08:00 ] 127.0.0.1 /thinkphp_3.2.3/Public/lantian//jwplayer.html5.js
INFO: [ app_init ] --START--
INFO: Run Behavior\BuildLiteBehavior [ RunTime:0.000000s ]
INFO: [ app_init ] --END-- [ RunTime:0.001000s ]
ERR: 无法加载模块:Public

[ 2016-10-13T09:21:07+08:00 ] 127.0.0.1 /thinkphp_3.2.3/Public/lantian//jwplayer.js
INFO: [ app_init ] --START--
INFO: Run Behavior\BuildLiteBehavior [ RunTime:0.000000s ]
INFO: [ app_init ] --END-- [ RunTime:0.000000s ]
ERR: 无法加载模块:Public

[ 2016-10-13T09:21:07+08:00 ] 127.0.0.1 /thinkphp_3.2.3/Public/lantian//jwplayer.js
INFO: [ app_init ] --START--
INFO: Run Behavior\BuildLiteBehavior [ RunTime:0.000000s ]
INFO: [ app_init ] --END-- [ RunTime:0.000000s ]
ERR: 无法加载模块:Public

[ 2016-10-13T09:21:07+08:00 ] 127.0.0.1 /thinkphp_3.2.3/Public/lantian//jwplayer.html5.js
INFO: [ app_init ] --START--
INFO: Run Behavior\BuildLiteBehavior [ RunTime:0.000000s ]
INFO: [ app_init ] --END-- [ RunTime:0.000000s ]
ERR: 无法加载模块:Public

[ 2016-10-13T09:21:21+08:00 ] 127.0.0.1 /thinkphp_3.2.3/Public/lantian//jwplayer.js
INFO: [ app_init ] --START--
INFO: Run Behavior\BuildLiteBehavior [ RunTime:0.000000s ]
INFO: [ app_init ] --END-- [ RunTime:0.000000s ]
ERR: 无法加载模块:Public

[ 2016-10-13T09:21:21+08:00 ] 127.0.0.1 /thinkphp_3.2.3/Public/lantian//jwplayer.html5.js
INFO: [ app_init ] --START--
INFO: Run Behavior\BuildLiteBehavior [ RunTime:0.000000s ]
INFO: [ app_init ] --END-- [ RunTime:0.000000s ]
ERR: 无法加载模块:Public

[ 2016-10-13T09:21:21+08:00 ] 127.0.0.1 /thinkphp_3.2.3/Public/lantian//jwplayer.js
INFO: [ app_init ] --START--
INFO: Run Behavior\BuildLiteBehavior [ RunTime:0.000000s ]
INFO: [ app_init ] --END-- [ RunTime:0.000000s ]
ERR: 无法加载模块:Public

[ 2016-10-13T09:21:21+08:00 ] 127.0.0.1 /thinkphp_3.2.3/Public/lantian//jwplayer.html5.js
INFO: [ app_init ] --START--
INFO: Run Behavior\BuildLiteBehavior [ RunTime:0.001000s ]
INFO: [ app_init ] --END-- [ RunTime:0.001000s ]
ERR: 无法加载模块:Public

[ 2016-10-13T09:22:11+08:00 ] 127.0.0.1 /thinkphp_3.2.3/Public/lantian//jwplayer.html5.js
INFO: [ app_init ] --START--
INFO: Run Behavior\BuildLiteBehavior [ RunTime:0.000000s ]
INFO: [ app_init ] --END-- [ RunTime:0.001000s ]
ERR: 无法加载模块:Public

[ 2016-10-13T09:22:11+08:00 ] 127.0.0.1 /thinkphp_3.2.3/Public/lantian//jwplayer.js
INFO: [ app_init ] --START--
INFO: Run Behavior\BuildLiteBehavior [ RunTime:0.000000s ]
INFO: [ app_init ] --END-- [ RunTime:0.001000s ]
ERR: 无法加载模块:Public

[ 2016-10-13T09:22:11+08:00 ] 127.0.0.1 /thinkphp_3.2.3/Public/lantian//jwplayer.html5.js
INFO: [ app_init ] --START--
INFO: Run Behavior\BuildLiteBehavior [ RunTime:0.000000s ]
INFO: [ app_init ] --END-- [ RunTime:0.001000s ]
ERR: 无法加载模块:Public

[ 2016-10-13T09:22:12+08:00 ] 127.0.0.1 /thinkphp_3.2.3/Public/lantian//jwplayer.js
INFO: [ app_init ] --START--
INFO: Run Behavior\BuildLiteBehavior [ RunTime:0.000000s ]
INFO: [ app_init ] --END-- [ RunTime:0.000000s ]
ERR: 无法加载模块:Public

[ 2016-10-13T09:22:12+08:00 ] 127.0.0.1 /thinkphp_3.2.3/Public/lantian//jwplayer.html5.js
INFO: [ app_init ] --START--
INFO: Run Behavior\BuildLiteBehavior [ RunTime:0.000000s ]
INFO: [ app_init ] --END-- [ RunTime:0.000000s ]
ERR: 无法加载模块:Public

[ 2016-10-13T09:22:12+08:00 ] 127.0.0.1 /thinkphp_3.2.3/Public/lantian//jwplayer.js
INFO: [ app_init ] --START--
INFO: Run Behavior\BuildLiteBehavior [ RunTime:0.000000s ]
INFO: [ app_init ] --END-- [ RunTime:0.000000s ]
ERR: 无法加载模块:Public

[ 2016-10-13T09:22:12+08:00 ] 127.0.0.1 /thinkphp_3.2.3/Public/lantian//jwplayer.html5.js
INFO: [ app_init ] --START--
INFO: Run Behavior\BuildLiteBehavior [ RunTime:0.000000s ]
INFO: [ app_init ] --END-- [ RunTime:0.001000s ]
ERR: 无法加载模块:Public

[ 2016-10-13T09:34:01+08:00 ] 127.0.0.1 /thinkphp_3.2.3/Public/lantian//jwplayer.js
INFO: [ app_init ] --START--
INFO: Run Behavior\BuildLiteBehavior [ RunTime:0.000000s ]
INFO: [ app_init ] --END-- [ RunTime:0.000000s ]
ERR: 无法加载模块:Public

[ 2016-10-13T09:34:01+08:00 ] 127.0.0.1 /thinkphp_3.2.3/Public/lantian//jwplayer.html5.js
INFO: [ app_init ] --START--
INFO: Run Behavior\BuildLiteBehavior [ RunTime:0.000000s ]
INFO: [ app_init ] --END-- [ RunTime:0.001000s ]
ERR: 无法加载模块:Public

[ 2016-10-13T09:34:02+08:00 ] 127.0.0.1 /thinkphp_3.2.3/Public/lantian//jwplayer.js
INFO: [ app_init ] --START--
INFO: Run Behavior\BuildLiteBehavior [ RunTime:0.000000s ]
INFO: [ app_init ] --END-- [ RunTime:0.001001s ]
ERR: 无法加载模块:Public

[ 2016-10-13T09:34:02+08:00 ] 127.0.0.1 /thinkphp_3.2.3/Public/lantian//jwplayer.html5.js
INFO: [ app_init ] --START--
INFO: Run Behavior\BuildLiteBehavior [ RunTime:0.000000s ]
INFO: [ app_init ] --END-- [ RunTime:0.001000s ]
ERR: 无法加载模块:Public

[ 2016-10-13T09:34:02+08:00 ] 127.0.0.1 /thinkphp_3.2.3/Public/lantian//jwplayer.js
INFO: [ app_init ] --START--
INFO: Run Behavior\BuildLiteBehavior [ RunTime:0.000000s ]
INFO: [ app_init ] --END-- [ RunTime:0.000000s ]
ERR: 无法加载模块:Public

[ 2016-10-13T09:34:02+08:00 ] 127.0.0.1 /thinkphp_3.2.3/Public/lantian//jwplayer.html5.js
INFO: [ app_init ] --START--
INFO: Run Behavior\BuildLiteBehavior [ RunTime:0.000000s ]
INFO: [ app_init ] --END-- [ RunTime:0.000000s ]
ERR: 无法加载模块:Public

[ 2016-10-13T09:35:30+08:00 ] 127.0.0.1 /thinkphp_3.2.3/Public/lantian//jwplayer.html5.js
INFO: [ app_init ] --START--
INFO: Run Behavior\BuildLiteBehavior [ RunTime:0.000000s ]
INFO: [ app_init ] --END-- [ RunTime:0.001000s ]
ERR: 无法加载模块:Public

[ 2016-10-13T09:35:30+08:00 ] 127.0.0.1 /thinkphp_3.2.3/Public/lantian//jwplayer.js
INFO: [ app_init ] --START--
INFO: Run Behavior\BuildLiteBehavior [ RunTime:0.000000s ]
INFO: [ app_init ] --END-- [ RunTime:0.001000s ]
ERR: 无法加载模块:Public

[ 2016-10-13T09:35:30+08:00 ] 127.0.0.1 /thinkphp_3.2.3/Public/lantian//jwplayer.html5.js
INFO: [ app_init ] --START--
INFO: Run Behavior\BuildLiteBehavior [ RunTime:0.000000s ]
INFO: [ app_init ] --END-- [ RunTime:0.000000s ]
ERR: 无法加载模块:Public

[ 2016-10-13T09:35:41+08:00 ] 127.0.0.1 /thinkphp_3.2.3/Public/lantian//jwplayer.js
INFO: [ app_init ] --START--
INFO: Run Behavior\BuildLiteBehavior [ RunTime:0.000000s ]
INFO: [ app_init ] --END-- [ RunTime:0.001000s ]
ERR: 无法加载模块:Public

[ 2016-10-13T09:35:41+08:00 ] 127.0.0.1 /thinkphp_3.2.3/Public/lantian//jwplayer.html5.js
INFO: [ app_init ] --START--
INFO: Run Behavior\BuildLiteBehavior [ RunTime:0.000000s ]
INFO: [ app_init ] --END-- [ RunTime:0.001000s ]
ERR: 无法加载模块:Public

[ 2016-10-13T09:35:41+08:00 ] 127.0.0.1 /thinkphp_3.2.3/Public/lantian//jwplayer.html5.js
INFO: [ app_init ] --START--
INFO: Run Behavior\BuildLiteBehavior [ RunTime:0.000000s ]
INFO: [ app_init ] --END-- [ RunTime:0.001000s ]
ERR: 无法加载模块:Public

[ 2016-10-13T09:41:17+08:00 ] 127.0.0.1 /thinkphp_3.2.3/Public/lantian//jwplayer.html5.js
INFO: [ app_init ] --START--
INFO: Run Behavior\BuildLiteBehavior [ RunTime:0.000000s ]
INFO: [ app_init ] --END-- [ RunTime:0.001000s ]
ERR: 无法加载模块:Public

[ 2016-10-13T09:41:17+08:00 ] 127.0.0.1 /thinkphp_3.2.3/Public/lantian//jwplayer.js
INFO: [ app_init ] --START--
INFO: Run Behavior\BuildLiteBehavior [ RunTime:0.000000s ]
INFO: [ app_init ] --END-- [ RunTime:0.000000s ]
ERR: 无法加载模块:Public

[ 2016-10-13T09:41:17+08:00 ] 127.0.0.1 /thinkphp_3.2.3/Public/lantian//jwplayer.js
INFO: [ app_init ] --START--
INFO: Run Behavior\BuildLiteBehavior [ RunTime:0.000000s ]
INFO: [ app_init ] --END-- [ RunTime:0.000000s ]
ERR: 无法加载模块:Public

[ 2016-10-13T09:41:17+08:00 ] 127.0.0.1 /thinkphp_3.2.3/Public/lantian//jwplayer.html5.js
INFO: [ app_init ] --START--
INFO: Run Behavior\BuildLiteBehavior [ RunTime:0.000000s ]
INFO: [ app_init ] --END-- [ RunTime:0.001001s ]
ERR: 无法加载模块:Public

[ 2016-10-13T09:41:18+08:00 ] 127.0.0.1 /thinkphp_3.2.3/Public/lantian//jwplayer.html5.js
INFO: [ app_init ] --START--
INFO: Run Behavior\BuildLiteBehavior [ RunTime:0.000000s ]
INFO: [ app_init ] --END-- [ RunTime:0.001000s ]
ERR: 无法加载模块:Public

[ 2016-10-13T09:41:18+08:00 ] 127.0.0.1 /thinkphp_3.2.3/Public/lantian//jwplayer.js
INFO: [ app_init ] --START--
INFO: Run Behavior\BuildLiteBehavior [ RunTime:0.000000s ]
INFO: [ app_init ] --END-- [ RunTime:0.000000s ]
ERR: 无法加载模块:Public

[ 2016-10-13T09:41:18+08:00 ] 127.0.0.1 /thinkphp_3.2.3/Public/lantian//jwplayer.js
INFO: [ app_init ] --START--
INFO: Run Behavior\BuildLiteBehavior [ RunTime:0.000000s ]
INFO: [ app_init ] --END-- [ RunTime:0.001000s ]
ERR: 无法加载模块:Public

[ 2016-10-13T09:41:18+08:00 ] 127.0.0.1 /thinkphp_3.2.3/Public/lantian//jwplayer.html5.js
INFO: [ app_init ] --START--
INFO: Run Behavior\BuildLiteBehavior [ RunTime:0.000000s ]
INFO: [ app_init ] --END-- [ RunTime:0.001000s ]
ERR: 无法加载模块:Public

[ 2016-10-13T09:42:08+08:00 ] 127.0.0.1 /thinkphp_3.2.3/Public/lantian//jwplayer.html5.js
INFO: [ app_init ] --START--
INFO: Run Behavior\BuildLiteBehavior [ RunTime:0.000000s ]
INFO: [ app_init ] --END-- [ RunTime:0.000000s ]
ERR: 无法加载模块:Public

[ 2016-10-13T09:42:08+08:00 ] 127.0.0.1 /thinkphp_3.2.3/Public/lantian//jwplayer.js
INFO: [ app_init ] --START--
INFO: Run Behavior\BuildLiteBehavior [ RunTime:0.000000s ]
INFO: [ app_init ] --END-- [ RunTime:0.000000s ]
ERR: 无法加载模块:Public

[ 2016-10-13T09:42:08+08:00 ] 127.0.0.1 /thinkphp_3.2.3/Public/lantian//jwplayer.html5.js
INFO: [ app_init ] --START--
INFO: Run Behavior\BuildLiteBehavior [ RunTime:0.000000s ]
INFO: [ app_init ] --END-- [ RunTime:0.001000s ]
ERR: 无法加载模块:Public

[ 2016-10-13T09:50:46+08:00 ] 127.0.0.1 /thinkphp_3.2.3/Public/lantian//jwplayer.js
INFO: [ app_init ] --START--
INFO: Run Behavior\BuildLiteBehavior [ RunTime:0.000000s ]
INFO: [ app_init ] --END-- [ RunTime:0.001000s ]
ERR: 无法加载模块:Public

[ 2016-10-13T09:50:46+08:00 ] 127.0.0.1 /thinkphp_3.2.3/Public/lantian//jwplayer.html5.js
INFO: [ app_init ] --START--
INFO: Run Behavior\BuildLiteBehavior [ RunTime:0.000000s ]
INFO: [ app_init ] --END-- [ RunTime:0.000000s ]
ERR: 无法加载模块:Public

[ 2016-10-13T09:51:41+08:00 ] 127.0.0.1 /thinkphp_3.2.3/Public/lantian/images/in_chang_line.png
INFO: [ app_init ] --START--
INFO: Run Behavior\BuildLiteBehavior [ RunTime:0.000000s ]
INFO: [ app_init ] --END-- [ RunTime:0.000000s ]
ERR: 无法加载模块:Public

