[ 2016-10-11T09:56:03+08:00 ] 127.0.0.1 /thinkphp_3.2.3/CMS/Home/View/index/__PUBLIC__/home/css/login.css
INFO: [ app_init ] --START--
INFO: Run Behavior\BuildLiteBehavior [ RunTime:0.000000s ]
INFO: [ app_init ] --END-- [ RunTime:0.052003s ]
ERR: 无法加载模块:CMS

[ 2016-10-11T09:56:03+08:00 ] 127.0.0.1 /thinkphp_3.2.3/CMS/Home/View/index/__PUBLIC__/home/css/reset.css
INFO: [ app_init ] --START--
INFO: Run Behavior\BuildLiteBehavior [ RunTime:0.000000s ]
INFO: [ app_init ] --END-- [ RunTime:0.051003s ]
ERR: 无法加载模块:CMS

[ 2016-10-11T09:56:12+08:00 ] 127.0.0.1 /thinkphp_3.2.3/CMS/Home/index/login.html
INFO: [ app_init ] --START--
INFO: Run Behavior\BuildLiteBehavior [ RunTime:0.000000s ]
INFO: [ app_init ] --END-- [ RunTime:0.001000s ]
ERR: 无法加载模块:CMS

[ 2016-10-11T09:56:20+08:00 ] 127.0.0.1 /thinkphp_3.2.3/CMS/Home/View/index/__PUBLIC__/home/css/reset.css
INFO: [ app_init ] --START--
INFO: Run Behavior\BuildLiteBehavior [ RunTime:0.000000s ]
INFO: [ app_init ] --END-- [ RunTime:0.000000s ]
ERR: 无法加载模块:CMS

[ 2016-10-11T09:56:20+08:00 ] 127.0.0.1 /thinkphp_3.2.3/CMS/Home/View/index/__PUBLIC__/home/css/login.css
INFO: [ app_init ] --START--
INFO: Run Behavior\BuildLiteBehavior [ RunTime:0.000000s ]
INFO: [ app_init ] --END-- [ RunTime:0.001000s ]
ERR: 无法加载模块:CMS

[ 2016-10-11T09:56:20+08:00 ] 127.0.0.1 /thinkphp_3.2.3/CMS/Home/View/index/__PUBLIC__9.jpg
INFO: [ app_init ] --START--
INFO: Run Behavior\BuildLiteBehavior [ RunTime:0.000000s ]
INFO: [ app_init ] --END-- [ RunTime:0.001000s ]
ERR: 无法加载模块:CMS

[ 2016-10-11T10:12:03+08:00 ] 127.0.0.1 /thinkphp_3.2.3/CMS/Home/View/index/__PUBLIC__/home/css/reset.css
INFO: [ app_init ] --START--
INFO: Run Behavior\BuildLiteBehavior [ RunTime:0.000000s ]
INFO: [ app_init ] --END-- [ RunTime:0.001000s ]
ERR: 无法加载模块:CMS

[ 2016-10-11T10:12:03+08:00 ] 127.0.0.1 /thinkphp_3.2.3/CMS/Home/View/index/__PUBLIC__/home/css/login.css
INFO: [ app_init ] --START--
INFO: Run Behavior\BuildLiteBehavior [ RunTime:0.000000s ]
INFO: [ app_init ] --END-- [ RunTime:0.001000s ]
ERR: 无法加载模块:CMS

[ 2016-10-11T10:12:03+08:00 ] 127.0.0.1 /thinkphp_3.2.3/CMS/Home/View/index/__PUBLIC__9.jpg
INFO: [ app_init ] --START--
INFO: Run Behavior\BuildLiteBehavior [ RunTime:0.000000s ]
INFO: [ app_init ] --END-- [ RunTime:0.000000s ]
ERR: 无法加载模块:CMS

[ 2016-10-11T10:12:04+08:00 ] 127.0.0.1 /thinkphp_3.2.3/CMS/Home/View/index/__PUBLIC__/home/css/reset.css
INFO: [ app_init ] --START--
INFO: Run Behavior\BuildLiteBehavior [ RunTime:0.000000s ]
INFO: [ app_init ] --END-- [ RunTime:0.001000s ]
ERR: 无法加载模块:CMS

[ 2016-10-11T10:12:04+08:00 ] 127.0.0.1 /thinkphp_3.2.3/CMS/Home/View/index/__PUBLIC__/home/css/login.css
INFO: [ app_init ] --START--
INFO: Run Behavior\BuildLiteBehavior [ RunTime:0.000000s ]
INFO: [ app_init ] --END-- [ RunTime:0.000000s ]
ERR: 无法加载模块:CMS

[ 2016-10-11T10:12:04+08:00 ] 127.0.0.1 /thinkphp_3.2.3/CMS/Home/View/index/__PUBLIC__9.jpg
INFO: [ app_init ] --START--
INFO: Run Behavior\BuildLiteBehavior [ RunTime:0.000000s ]
INFO: [ app_init ] --END-- [ RunTime:0.001000s ]
ERR: 无法加载模块:CMS

[ 2016-10-11T10:12:26+08:00 ] 127.0.0.1 /thinkphp_3.2.3/CMS/Home/View/index/__PUBLIC__/home/css/login.css
INFO: [ app_init ] --START--
INFO: Run Behavior\BuildLiteBehavior [ RunTime:0.000000s ]
INFO: [ app_init ] --END-- [ RunTime:0.001000s ]
ERR: 无法加载模块:CMS

[ 2016-10-11T10:12:26+08:00 ] 127.0.0.1 /thinkphp_3.2.3/CMS/Home/View/index/__PUBLIC__/home/css/reset.css
INFO: [ app_init ] --START--
INFO: Run Behavior\BuildLiteBehavior [ RunTime:0.000000s ]
INFO: [ app_init ] --END-- [ RunTime:0.001000s ]
ERR: 无法加载模块:CMS

[ 2016-10-11T10:12:26+08:00 ] 127.0.0.1 /thinkphp_3.2.3/CMS/Home/View/index/__PUBLIC__9.jpg
INFO: [ app_init ] --START--
INFO: Run Behavior\BuildLiteBehavior [ RunTime:0.000000s ]
INFO: [ app_init ] --END-- [ RunTime:0.000000s ]
ERR: 无法加载模块:CMS

[ 2016-10-11T10:12:27+08:00 ] 127.0.0.1 /thinkphp_3.2.3/CMS/Home/View/index/__PUBLIC__/home/css/reset.css
INFO: [ app_init ] --START--
INFO: Run Behavior\BuildLiteBehavior [ RunTime:0.000000s ]
INFO: [ app_init ] --END-- [ RunTime:0.000000s ]
ERR: 无法加载模块:CMS

[ 2016-10-11T10:12:27+08:00 ] 127.0.0.1 /thinkphp_3.2.3/CMS/Home/View/index/__PUBLIC__/home/css/login.css
INFO: [ app_init ] --START--
INFO: Run Behavior\BuildLiteBehavior [ RunTime:0.000000s ]
INFO: [ app_init ] --END-- [ RunTime:0.001000s ]
ERR: 无法加载模块:CMS

[ 2016-10-11T10:12:27+08:00 ] 127.0.0.1 /thinkphp_3.2.3/CMS/Home/View/index/__PUBLIC__9.jpg
INFO: [ app_init ] --START--
INFO: Run Behavior\BuildLiteBehavior [ RunTime:0.000000s ]
INFO: [ app_init ] --END-- [ RunTime:0.001000s ]
ERR: 无法加载模块:CMS

[ 2016-10-11T10:13:07+08:00 ] 127.0.0.1 /thinkphp_3.2.3/CMS/Home/View/index/__PUBLIC__/home/css/reset.css
INFO: [ app_init ] --START--
INFO: Run Behavior\BuildLiteBehavior [ RunTime:0.000000s ]
INFO: [ app_init ] --END-- [ RunTime:0.000000s ]
ERR: 无法加载模块:CMS

[ 2016-10-11T10:13:07+08:00 ] 127.0.0.1 /thinkphp_3.2.3/CMS/Home/View/index/__PUBLIC__/home/css/login.css
INFO: [ app_init ] --START--
INFO: Run Behavior\BuildLiteBehavior [ RunTime:0.000000s ]
INFO: [ app_init ] --END-- [ RunTime:0.000000s ]
ERR: 无法加载模块:CMS

[ 2016-10-11T10:13:07+08:00 ] 127.0.0.1 /thinkphp_3.2.3/CMS/Home/View/index/__PUBLIC__9.jpg
INFO: [ app_init ] --START--
INFO: Run Behavior\BuildLiteBehavior [ RunTime:0.000000s ]
INFO: [ app_init ] --END-- [ RunTime:0.000000s ]
ERR: 无法加载模块:CMS

[ 2016-10-11T10:18:53+08:00 ] 127.0.0.1 /thinkphp_3.2.3/CMS/Home/View/index/__PUBLIC__/home/css/reset.css
INFO: [ app_init ] --START--
INFO: Run Behavior\BuildLiteBehavior [ RunTime:0.000000s ]
INFO: [ app_init ] --END-- [ RunTime:0.000000s ]
ERR: 无法加载模块:CMS

[ 2016-10-11T10:18:53+08:00 ] 127.0.0.1 /thinkphp_3.2.3/CMS/Home/View/index/__PUBLIC__/home/css/login.css
INFO: [ app_init ] --START--
INFO: Run Behavior\BuildLiteBehavior [ RunTime:0.000000s ]
INFO: [ app_init ] --END-- [ RunTime:0.001000s ]
ERR: 无法加载模块:CMS

[ 2016-10-11T10:18:53+08:00 ] 127.0.0.1 /thinkphp_3.2.3/CMS/Home/View/index/__PUBLIC__/images/9.jpg
INFO: [ app_init ] --START--
INFO: Run Behavior\BuildLiteBehavior [ RunTime:0.000000s ]
INFO: [ app_init ] --END-- [ RunTime:0.001000s ]
ERR: 无法加载模块:CMS

[ 2016-10-11T10:18:54+08:00 ] 127.0.0.1 /thinkphp_3.2.3/CMS/Home/View/index/__PUBLIC__/home/css/reset.css
INFO: [ app_init ] --START--
INFO: Run Behavior\BuildLiteBehavior [ RunTime:0.000000s ]
INFO: [ app_init ] --END-- [ RunTime:0.001000s ]
ERR: 无法加载模块:CMS

[ 2016-10-11T10:18:54+08:00 ] 127.0.0.1 /thinkphp_3.2.3/CMS/Home/View/index/__PUBLIC__/home/css/login.css
INFO: [ app_init ] --START--
INFO: Run Behavior\BuildLiteBehavior [ RunTime:0.000000s ]
INFO: [ app_init ] --END-- [ RunTime:0.000000s ]
ERR: 无法加载模块:CMS

[ 2016-10-11T10:18:54+08:00 ] 127.0.0.1 /thinkphp_3.2.3/CMS/Home/View/index/__PUBLIC__/images/9.jpg
INFO: [ app_init ] --START--
INFO: Run Behavior\BuildLiteBehavior [ RunTime:0.000000s ]
INFO: [ app_init ] --END-- [ RunTime:0.000000s ]
ERR: 无法加载模块:CMS

[ 2016-10-11T10:19:03+08:00 ] 127.0.0.1 /thinkphp_3.2.3/CMS/Home/index/login.html
INFO: [ app_init ] --START--
INFO: Run Behavior\BuildLiteBehavior [ RunTime:0.000000s ]
INFO: [ app_init ] --END-- [ RunTime:0.001000s ]
ERR: 无法加载模块:CMS

[ 2016-10-11T15:44:51+08:00 ] 127.0.0.1 /thinkphp_3.2.3/CMS/home/Index/article_category.html
INFO: [ app_init ] --START--
INFO: Run Behavior\BuildLiteBehavior [ RunTime:0.000000s ]
INFO: [ app_init ] --END-- [ RunTime:0.001000s ]
ERR: 无法加载模块:CMS

[ 2016-10-11T15:45:23+08:00 ] 127.0.0.1 /thinkphp_3.2.3/CMS/home/Index/article_category.html
INFO: [ app_init ] --START--
INFO: Run Behavior\BuildLiteBehavior [ RunTime:0.000000s ]
INFO: [ app_init ] --END-- [ RunTime:0.000000s ]
ERR: 无法加载模块:CMS

