[ 2016-10-10T09:50:27+08:00 ] 127.0.0.1 /thinkphp_3.2.3/my_admin/Home/index/news_category.html
INFO: [ app_init ] --START--
INFO: Run Behavior\BuildLiteBehavior [ RunTime:0.000000s ]
INFO: [ app_init ] --END-- [ RunTime:0.001000s ]
ERR: 无法加载模块:My_admin

[ 2016-10-10T09:50:57+08:00 ] 127.0.0.1 /thinkphp_3.2.3/my_admin/Home/index/news_category
INFO: [ app_init ] --START--
INFO: Run Behavior\BuildLiteBehavior [ RunTime:0.000000s ]
INFO: [ app_init ] --END-- [ RunTime:0.001000s ]
ERR: 无法加载模块:My_admin

[ 2016-10-10T09:51:18+08:00 ] 127.0.0.1 /thinkphp_3.2.3/flvplayer.swf?file=ftp://218.28.100.165/HNLT-Fly.FLV
INFO: [ app_init ] --START--
INFO: Run Behavior\BuildLiteBehavior [ RunTime:0.000000s ]
INFO: [ app_init ] --END-- [ RunTime:0.000000s ]
ERR: 无法加载模块:Flvplayer

[ 2016-10-10T09:51:18+08:00 ] 127.0.0.1 /thinkphp_3.2.3/flvplayer.swf?file=ftp://218.28.100.165/HNLT-Fly.FLV&showfsbutton=true&autostart=false
INFO: [ app_init ] --START--
INFO: Run Behavior\BuildLiteBehavior [ RunTime:0.000000s ]
INFO: [ app_init ] --END-- [ RunTime:0.000000s ]
ERR: 无法加载模块:Flvplayer

[ 2016-10-10T09:52:20+08:00 ] 127.0.0.1 /thinkphp_3.2.3/my_admin/Home/index
INFO: [ app_init ] --START--
INFO: Run Behavior\BuildLiteBehavior [ RunTime:0.000000s ]
INFO: [ app_init ] --END-- [ RunTime:0.000000s ]
ERR: 无法加载模块:My_admin

[ 2016-10-10T09:57:31+08:00 ] 127.0.0.1 /thinkphp_3.2.3/my_admin/Home/Controller/Index
INFO: [ app_init ] --START--
INFO: Run Behavior\BuildLiteBehavior [ RunTime:0.000000s ]
INFO: [ app_init ] --END-- [ RunTime:0.001000s ]
ERR: 无法加载模块:My_admin

[ 2016-10-10T09:57:42+08:00 ] 127.0.0.1 /thinkphp_3.2.3/my_admin/Home/index
INFO: [ app_init ] --START--
INFO: Run Behavior\BuildLiteBehavior [ RunTime:0.000000s ]
INFO: [ app_init ] --END-- [ RunTime:0.000000s ]
ERR: 无法加载模块:My_admin

[ 2016-10-10T09:58:10+08:00 ] 127.0.0.1 /thinkphp_3.2.3/my_admin/home/index
INFO: [ app_init ] --START--
INFO: Run Behavior\BuildLiteBehavior [ RunTime:0.000000s ]
INFO: [ app_init ] --END-- [ RunTime:0.000000s ]
ERR: 无法加载模块:My_admin

[ 2016-10-10T09:59:03+08:00 ] 127.0.0.1 /thinkphp_3.2.3/my_admin/Home/View/index/news_category
INFO: [ app_init ] --START--
INFO: Run Behavior\BuildLiteBehavior [ RunTime:0.000000s ]
INFO: [ app_init ] --END-- [ RunTime:0.000000s ]
ERR: 无法加载模块:My_admin

[ 2016-10-10T09:59:28+08:00 ] 127.0.0.1 /thinkphp_3.2.3/my_admin/Home/index/news_category.html
INFO: [ app_init ] --START--
INFO: Run Behavior\BuildLiteBehavior [ RunTime:0.000000s ]
INFO: [ app_init ] --END-- [ RunTime:0.001000s ]
ERR: 无法加载模块:My_admin

[ 2016-10-10T10:00:25+08:00 ] 127.0.0.1 /thinkphp_3.2.3/flvplayer.swf?file=ftp://218.28.100.165/HNLT-Fly.FLV
INFO: [ app_init ] --START--
INFO: Run Behavior\BuildLiteBehavior [ RunTime:0.000000s ]
INFO: [ app_init ] --END-- [ RunTime:0.000000s ]
ERR: 无法加载模块:Flvplayer

[ 2016-10-10T10:00:25+08:00 ] 127.0.0.1 /thinkphp_3.2.3/flvplayer.swf?file=ftp://218.28.100.165/HNLT-Fly.FLV&showfsbutton=true&autostart=false
INFO: [ app_init ] --START--
INFO: Run Behavior\BuildLiteBehavior [ RunTime:0.000000s ]
INFO: [ app_init ] --END-- [ RunTime:0.000000s ]
ERR: 无法加载模块:Flvplayer

[ 2016-10-10T10:00:39+08:00 ] 127.0.0.1 /thinkphp_3.2.3/flvplayer.swf?file=ftp://218.28.100.165/HNLT-Fly.FLV
INFO: [ app_init ] --START--
INFO: Run Behavior\BuildLiteBehavior [ RunTime:0.000000s ]
INFO: [ app_init ] --END-- [ RunTime:0.000000s ]
ERR: 无法加载模块:Flvplayer

[ 2016-10-10T10:00:39+08:00 ] 127.0.0.1 /thinkphp_3.2.3/flvplayer.swf?file=ftp://218.28.100.165/HNLT-Fly.FLV&showfsbutton=true&autostart=false
INFO: [ app_init ] --START--
INFO: Run Behavior\BuildLiteBehavior [ RunTime:0.000000s ]
INFO: [ app_init ] --END-- [ RunTime:0.001000s ]
ERR: 无法加载模块:Flvplayer

[ 2016-10-10T10:00:44+08:00 ] 127.0.0.1 /thinkphp_3.2.3/index
INFO: [ app_init ] --START--
INFO: Run Behavior\BuildLiteBehavior [ RunTime:0.000000s ]
INFO: [ app_init ] --END-- [ RunTime:0.000000s ]
ERR: 无法加载模块:Index

[ 2016-10-10T10:00:46+08:00 ] 127.0.0.1 /thinkphp_3.2.3/flvplayer.swf?file=ftp://218.28.100.165/HNLT-Fly.FLV
INFO: [ app_init ] --START--
INFO: Run Behavior\BuildLiteBehavior [ RunTime:0.000000s ]
INFO: [ app_init ] --END-- [ RunTime:0.001000s ]
ERR: 无法加载模块:Flvplayer

[ 2016-10-10T10:00:46+08:00 ] 127.0.0.1 /thinkphp_3.2.3/flvplayer.swf?file=ftp://218.28.100.165/HNLT-Fly.FLV&showfsbutton=true&autostart=false
INFO: [ app_init ] --START--
INFO: Run Behavior\BuildLiteBehavior [ RunTime:0.000000s ]
INFO: [ app_init ] --END-- [ RunTime:0.000000s ]
ERR: 无法加载模块:Flvplayer

[ 2016-10-10T10:00:46+08:00 ] 127.0.0.1 /thinkphp_3.2.3/flvplayer.swf?file=ftp://218.28.100.165/HNLT-Fly.FLV
INFO: [ app_init ] --START--
INFO: Run Behavior\BuildLiteBehavior [ RunTime:0.000000s ]
INFO: [ app_init ] --END-- [ RunTime:0.001000s ]
ERR: 无法加载模块:Flvplayer

[ 2016-10-10T10:00:46+08:00 ] 127.0.0.1 /thinkphp_3.2.3/flvplayer.swf?file=ftp://218.28.100.165/HNLT-Fly.FLV&showfsbutton=true&autostart=false
INFO: [ app_init ] --START--
INFO: Run Behavior\BuildLiteBehavior [ RunTime:0.000000s ]
INFO: [ app_init ] --END-- [ RunTime:0.001000s ]
ERR: 无法加载模块:Flvplayer

[ 2016-10-10T10:00:57+08:00 ] 127.0.0.1 /thinkphp_3.2.3/flvplayer.swf?file=ftp://218.28.100.165/HNLT-Fly.FLV
INFO: [ app_init ] --START--
INFO: Run Behavior\BuildLiteBehavior [ RunTime:0.001000s ]
INFO: [ app_init ] --END-- [ RunTime:0.001000s ]
ERR: 无法加载模块:Flvplayer

[ 2016-10-10T10:00:57+08:00 ] 127.0.0.1 /thinkphp_3.2.3/flvplayer.swf?file=ftp://218.28.100.165/HNLT-Fly.FLV&showfsbutton=true&autostart=false
INFO: [ app_init ] --START--
INFO: Run Behavior\BuildLiteBehavior [ RunTime:0.000000s ]
INFO: [ app_init ] --END-- [ RunTime:0.001000s ]
ERR: 无法加载模块:Flvplayer

[ 2016-10-10T10:06:56+08:00 ] 127.0.0.1 /thinkphp_3.2.3/my_admin/Home/index/news_category.html
INFO: [ app_init ] --START--
INFO: Run Behavior\BuildLiteBehavior [ RunTime:0.000000s ]
INFO: [ app_init ] --END-- [ RunTime:0.001000s ]
ERR: 无法加载模块:My_admin

[ 2016-10-10T10:07:37+08:00 ] 127.0.0.1 /thinkphp_3.2.3/Application/Home/View/index/__PUBLIC__/js/1.js
INFO: [ app_init ] --START--
INFO: Run Behavior\BuildLiteBehavior [ RunTime:0.000000s ]
INFO: [ app_init ] --END-- [ RunTime:0.000000s ]
ERR: 无法加载模块:Application

[ 2016-10-10T10:07:37+08:00 ] 127.0.0.1 /thinkphp_3.2.3/Application/Home/View/index/__PUBLIC__/images/lxr1.jpg
INFO: [ app_init ] --START--
INFO: Run Behavior\BuildLiteBehavior [ RunTime:0.000000s ]
INFO: [ app_init ] --END-- [ RunTime:0.001000s ]
ERR: 无法加载模块:Application

[ 2016-10-10T10:07:44+08:00 ] 127.0.0.1 /thinkphp_3.2.3/Application/Home/index/news_list.html
INFO: [ app_init ] --START--
INFO: Run Behavior\BuildLiteBehavior [ RunTime:0.000000s ]
INFO: [ app_init ] --END-- [ RunTime:0.000000s ]
ERR: 无法加载模块:Application

[ 2016-10-10T10:08:01+08:00 ] 127.0.0.1 /thinkphp_3.2.3/Application/Home/index/news_list
INFO: [ app_init ] --START--
INFO: Run Behavior\BuildLiteBehavior [ RunTime:0.000000s ]
INFO: [ app_init ] --END-- [ RunTime:0.001001s ]
ERR: 无法加载模块:Application

[ 2016-10-10T10:09:46+08:00 ] 127.0.0.1 /thinkphp_3.2.3/Application/Home/index/users.html
INFO: [ app_init ] --START--
INFO: Run Behavior\BuildLiteBehavior [ RunTime:0.000000s ]
INFO: [ app_init ] --END-- [ RunTime:0.000000s ]
ERR: 无法加载模块:Application

[ 2016-10-10T10:12:53+08:00 ] 127.0.0.1 /thinkphp_3.2.3/Application/Home/index/upload.html
INFO: [ app_init ] --START--
INFO: Run Behavior\BuildLiteBehavior [ RunTime:0.000000s ]
INFO: [ app_init ] --END-- [ RunTime:0.001000s ]
ERR: 无法加载模块:Application

[ 2016-10-10T10:15:18+08:00 ] 127.0.0.1 /thinkphp_3.2.3/Application/Home/View/index/__PUBLIC__/images/lxr1.jpg
INFO: [ app_init ] --START--
INFO: Run Behavior\BuildLiteBehavior [ RunTime:0.000000s ]
INFO: [ app_init ] --END-- [ RunTime:0.001000s ]
ERR: 无法加载模块:Application

[ 2016-10-10T10:15:18+08:00 ] 127.0.0.1 /thinkphp_3.2.3/Application/Home/View/index/__PUBLIC__/js/1.js
INFO: [ app_init ] --START--
INFO: Run Behavior\BuildLiteBehavior [ RunTime:0.000000s ]
INFO: [ app_init ] --END-- [ RunTime:0.001000s ]
ERR: 无法加载模块:Application

[ 2016-10-10T10:15:18+08:00 ] 127.0.0.1 /thinkphp_3.2.3/Application/Home/View/index/__PUBLIC__/images/lxr1.jpg
INFO: [ app_init ] --START--
INFO: Run Behavior\BuildLiteBehavior [ RunTime:0.000000s ]
INFO: [ app_init ] --END-- [ RunTime:0.000000s ]
ERR: 无法加载模块:Application

[ 2016-10-10T10:15:50+08:00 ] 127.0.0.1 /thinkphp_3.2.3/Application/Home/View/index/__PUBLIC__/images/lxr1.jpg
INFO: [ app_init ] --START--
INFO: Run Behavior\BuildLiteBehavior [ RunTime:0.000000s ]
INFO: [ app_init ] --END-- [ RunTime:0.001000s ]
ERR: 无法加载模块:Application

[ 2016-10-10T10:28:20+08:00 ] 127.0.0.1 /thinkphp_3.2.3/my_admin/Home/index/news_category.html
INFO: [ app_init ] --START--
INFO: Run Behavior\BuildLiteBehavior [ RunTime:0.000000s ]
INFO: [ app_init ] --END-- [ RunTime:0.001000s ]
ERR: 无法加载模块:My_admin

[ 2016-10-10T11:15:16+08:00 ] 127.0.0.1 /thinkphp_3.2.3/Application/Home/View/index/__PUBLIC__/images/lxr1.jpg
INFO: [ app_init ] --START--
INFO: Run Behavior\BuildLiteBehavior [ RunTime:0.000000s ]
INFO: [ app_init ] --END-- [ RunTime:0.001001s ]
ERR: 无法加载模块:Application

[ 2016-10-10T11:15:16+08:00 ] 127.0.0.1 /thinkphp_3.2.3/Application/Home/View/index/__PUBLIC__/js/1.js
INFO: [ app_init ] --START--
INFO: Run Behavior\BuildLiteBehavior [ RunTime:0.000000s ]
INFO: [ app_init ] --END-- [ RunTime:0.000000s ]
ERR: 无法加载模块:Application

[ 2016-10-10T11:15:16+08:00 ] 127.0.0.1 /thinkphp_3.2.3/Application/Home/View/index/__PUBLIC__/images/lxr1.jpg
INFO: [ app_init ] --START--
INFO: Run Behavior\BuildLiteBehavior [ RunTime:0.000000s ]
INFO: [ app_init ] --END-- [ RunTime:0.000000s ]
ERR: 无法加载模块:Application

[ 2016-10-10T11:40:12+08:00 ] 127.0.0.1 /thinkphp_3.2.3/my_admin/home/index/add
INFO: [ app_init ] --START--
INFO: Run Behavior\BuildLiteBehavior [ RunTime:0.000000s ]
INFO: [ app_init ] --END-- [ RunTime:0.001000s ]
ERR: 无法加载模块:My_admin

[ 2016-10-10T11:41:21+08:00 ] 127.0.0.1 /thinkphp_3.2.3/my_admin/home/index/add
INFO: [ app_init ] --START--
INFO: Run Behavior\BuildLiteBehavior [ RunTime:0.000000s ]
INFO: [ app_init ] --END-- [ RunTime:0.000000s ]
ERR: 无法加载模块:My_admin

[ 2016-10-10T11:41:26+08:00 ] 127.0.0.1 /thinkphp_3.2.3/my_admin/home/index/add
INFO: [ app_init ] --START--
INFO: Run Behavior\BuildLiteBehavior [ RunTime:0.000000s ]
INFO: [ app_init ] --END-- [ RunTime:0.001000s ]
ERR: 无法加载模块:My_admin

[ 2016-10-10T11:46:17+08:00 ] 127.0.0.1 /thinkphp_3.2.3/my_admin/home/index/add
INFO: [ app_init ] --START--
INFO: Run Behavior\BuildLiteBehavior [ RunTime:0.000000s ]
INFO: [ app_init ] --END-- [ RunTime:0.001000s ]
ERR: 无法加载模块:My_admin

[ 2016-10-10T11:46:33+08:00 ] 127.0.0.1 /thinkphp_3.2.3/my_admin/home/index/add
INFO: [ app_init ] --START--
INFO: Run Behavior\BuildLiteBehavior [ RunTime:0.000000s ]
INFO: [ app_init ] --END-- [ RunTime:0.000000s ]
ERR: 无法加载模块:My_admin

[ 2016-10-10T11:48:42+08:00 ] 127.0.0.1 /thinkphp_3.2.3/my_admin/home/index/add
INFO: [ app_init ] --START--
INFO: Run Behavior\BuildLiteBehavior [ RunTime:0.000000s ]
INFO: [ app_init ] --END-- [ RunTime:0.001000s ]
ERR: 无法加载模块:My_admin

[ 2016-10-10T12:13:28+08:00 ] 127.0.0.1 /thinkphp_3.2.3/my_admin/home/index/add
INFO: [ app_init ] --START--
INFO: Run Behavior\BuildLiteBehavior [ RunTime:0.000000s ]
INFO: [ app_init ] --END-- [ RunTime:0.000000s ]
ERR: 无法加载模块:My_admin

[ 2016-10-10T12:13:44+08:00 ] 127.0.0.1 /thinkphp_3.2.3/my_admin/home/index/add
INFO: [ app_init ] --START--
INFO: Run Behavior\BuildLiteBehavior [ RunTime:0.001000s ]
INFO: [ app_init ] --END-- [ RunTime:0.001000s ]
ERR: 无法加载模块:My_admin

[ 2016-10-10T12:16:04+08:00 ] 127.0.0.1 /thinkphp_3.2.3/my_admin/home/index/add
INFO: [ app_init ] --START--
INFO: Run Behavior\BuildLiteBehavior [ RunTime:0.000000s ]
INFO: [ app_init ] --END-- [ RunTime:0.001000s ]
ERR: 无法加载模块:My_admin

[ 2016-10-10T12:16:24+08:00 ] 127.0.0.1 /thinkphp_3.2.3/my_admin/home/index/add
INFO: [ app_init ] --START--
INFO: Run Behavior\BuildLiteBehavior [ RunTime:0.000000s ]
INFO: [ app_init ] --END-- [ RunTime:0.001000s ]
ERR: 无法加载模块:My_admin

[ 2016-10-10T12:16:38+08:00 ] 127.0.0.1 /thinkphp_3.2.3/my_admin/Home/index/add.html
INFO: [ app_init ] --START--
INFO: Run Behavior\BuildLiteBehavior [ RunTime:0.000000s ]
INFO: [ app_init ] --END-- [ RunTime:0.001000s ]
ERR: 无法加载模块:My_admin

[ 2016-10-10T12:16:55+08:00 ] 127.0.0.1 /thinkphp_3.2.3/my_admin/home/view/index/add
INFO: [ app_init ] --START--
INFO: Run Behavior\BuildLiteBehavior [ RunTime:0.000000s ]
INFO: [ app_init ] --END-- [ RunTime:0.000000s ]
ERR: 无法加载模块:My_admin

[ 2016-10-10T12:16:58+08:00 ] 127.0.0.1 /thinkphp_3.2.3/my_admin/home/view/index/add
INFO: [ app_init ] --START--
INFO: Run Behavior\BuildLiteBehavior [ RunTime:0.000000s ]
INFO: [ app_init ] --END-- [ RunTime:0.001000s ]
ERR: 无法加载模块:My_admin

[ 2016-10-10T12:17:31+08:00 ] 127.0.0.1 /thinkphp_3.2.3/my_admin/home/index/add
INFO: [ app_init ] --START--
INFO: Run Behavior\BuildLiteBehavior [ RunTime:0.000000s ]
INFO: [ app_init ] --END-- [ RunTime:0.001000s ]
ERR: 无法加载模块:My_admin

[ 2016-10-10T12:18:18+08:00 ] 127.0.0.1 /thinkphp_3.2.3/my_admin/home/view/index/add
INFO: [ app_init ] --START--
INFO: Run Behavior\BuildLiteBehavior [ RunTime:0.000000s ]
INFO: [ app_init ] --END-- [ RunTime:0.001000s ]
ERR: 无法加载模块:My_admin

[ 2016-10-10T12:18:51+08:00 ] 127.0.0.1 /thinkphp_3.2.3/my_admin/home/index/insert
INFO: [ app_init ] --START--
INFO: Run Behavior\BuildLiteBehavior [ RunTime:0.000000s ]
INFO: [ app_init ] --END-- [ RunTime:0.000000s ]
ERR: 无法加载模块:My_admin

[ 2016-10-10T14:45:08+08:00 ] 127.0.0.1 /thinkphp_3.2.3/my_admin/Home/index/test1.html
INFO: [ app_init ] --START--
INFO: Run Behavior\BuildLiteBehavior [ RunTime:0.000000s ]
INFO: [ app_init ] --END-- [ RunTime:0.000000s ]
ERR: 无法加载模块:My_admin

[ 2016-10-10T15:51:43+08:00 ] 127.0.0.1 /thinkphp_3.2.3/Application/Home/Controller/Index
INFO: [ app_init ] --START--
INFO: Run Behavior\BuildLiteBehavior [ RunTime:0.000000s ]
INFO: [ app_init ] --END-- [ RunTime:0.001000s ]
ERR: 无法加载模块:Application

[ 2016-10-10T19:10:15+08:00 ] 127.0.0.1 /thinkphp_3.2.3/CMS/Home/View/index/__PUBLIC__/home/css/reset.css
INFO: [ app_init ] --START--
INFO: Run Behavior\BuildLiteBehavior [ RunTime:0.000000s ]
INFO: [ app_init ] --END-- [ RunTime:0.002000s ]
ERR: 无法加载模块:CMS

[ 2016-10-10T19:10:15+08:00 ] 127.0.0.1 /thinkphp_3.2.3/CMS/Home/View/index/__PUBLIC__/home/css/login.css
INFO: [ app_init ] --START--
INFO: Run Behavior\BuildLiteBehavior [ RunTime:0.000000s ]
INFO: [ app_init ] --END-- [ RunTime:0.005000s ]
ERR: 无法加载模块:CMS

[ 2016-10-10T19:10:15+08:00 ] 127.0.0.1 /thinkphp_3.2.3/CMS/Home/View/index/__PUBLIC__9.jpg
INFO: [ app_init ] --START--
INFO: Run Behavior\BuildLiteBehavior [ RunTime:0.000000s ]
INFO: [ app_init ] --END-- [ RunTime:0.001000s ]
ERR: 无法加载模块:CMS

[ 2016-10-10T19:10:54+08:00 ] 127.0.0.1 /thinkphp_3.2.3/CMS/Home/View/index/__PUBLIC__/home/css/reset.css
INFO: [ app_init ] --START--
INFO: Run Behavior\BuildLiteBehavior [ RunTime:0.000000s ]
INFO: [ app_init ] --END-- [ RunTime:0.001000s ]
ERR: 无法加载模块:CMS

[ 2016-10-10T19:10:54+08:00 ] 127.0.0.1 /thinkphp_3.2.3/CMS/Home/View/index/__PUBLIC__/home/css/login.css
INFO: [ app_init ] --START--
INFO: Run Behavior\BuildLiteBehavior [ RunTime:0.000000s ]
INFO: [ app_init ] --END-- [ RunTime:0.001000s ]
ERR: 无法加载模块:CMS

[ 2016-10-10T19:10:54+08:00 ] 127.0.0.1 /thinkphp_3.2.3/CMS/Home/View/index/__PUBLIC__9.jpg
INFO: [ app_init ] --START--
INFO: Run Behavior\BuildLiteBehavior [ RunTime:0.000000s ]
INFO: [ app_init ] --END-- [ RunTime:0.001000s ]
ERR: 无法加载模块:CMS

[ 2016-10-10T19:10:59+08:00 ] 127.0.0.1 /thinkphp_3.2.3/CMS/Home/View/index/__PUBLIC__/home/css/reset.css
INFO: [ app_init ] --START--
INFO: Run Behavior\BuildLiteBehavior [ RunTime:0.000000s ]
INFO: [ app_init ] --END-- [ RunTime:0.001000s ]
ERR: 无法加载模块:CMS

[ 2016-10-10T19:10:59+08:00 ] 127.0.0.1 /thinkphp_3.2.3/CMS/Home/View/index/__PUBLIC__/home/css/login.css
INFO: [ app_init ] --START--
INFO: Run Behavior\BuildLiteBehavior [ RunTime:0.000000s ]
INFO: [ app_init ] --END-- [ RunTime:0.001000s ]
ERR: 无法加载模块:CMS

[ 2016-10-10T19:10:59+08:00 ] 127.0.0.1 /thinkphp_3.2.3/CMS/Home/View/index/__PUBLIC__9.jpg
INFO: [ app_init ] --START--
INFO: Run Behavior\BuildLiteBehavior [ RunTime:0.000000s ]
INFO: [ app_init ] --END-- [ RunTime:0.001000s ]
ERR: 无法加载模块:CMS

[ 2016-10-10T19:11:47+08:00 ] 127.0.0.1 /thinkphp_3.2.3/CMS/Home/View/index/__PUBLIC__/home/reset.css
INFO: [ app_init ] --START--
INFO: Run Behavior\BuildLiteBehavior [ RunTime:0.000000s ]
INFO: [ app_init ] --END-- [ RunTime:0.001000s ]
ERR: 无法加载模块:CMS

[ 2016-10-10T19:11:47+08:00 ] 127.0.0.1 /thinkphp_3.2.3/CMS/Home/View/index/__PUBLIC__/home/login.css
INFO: [ app_init ] --START--
INFO: Run Behavior\BuildLiteBehavior [ RunTime:0.000000s ]
INFO: [ app_init ] --END-- [ RunTime:0.001000s ]
ERR: 无法加载模块:CMS

[ 2016-10-10T19:11:47+08:00 ] 127.0.0.1 /thinkphp_3.2.3/CMS/Home/View/index/__PUBLIC__9.jpg
INFO: [ app_init ] --START--
INFO: Run Behavior\BuildLiteBehavior [ RunTime:0.000000s ]
INFO: [ app_init ] --END-- [ RunTime:0.000000s ]
ERR: 无法加载模块:CMS

[ 2016-10-10T19:11:48+08:00 ] 127.0.0.1 /thinkphp_3.2.3/CMS/Home/View/index/__PUBLIC__/home/reset.css
INFO: [ app_init ] --START--
INFO: Run Behavior\BuildLiteBehavior [ RunTime:0.000000s ]
INFO: [ app_init ] --END-- [ RunTime:0.000000s ]
ERR: 无法加载模块:CMS

[ 2016-10-10T19:11:48+08:00 ] 127.0.0.1 /thinkphp_3.2.3/CMS/Home/View/index/__PUBLIC__/home/login.css
INFO: [ app_init ] --START--
INFO: Run Behavior\BuildLiteBehavior [ RunTime:0.000000s ]
INFO: [ app_init ] --END-- [ RunTime:0.001000s ]
ERR: 无法加载模块:CMS

[ 2016-10-10T19:11:48+08:00 ] 127.0.0.1 /thinkphp_3.2.3/CMS/Home/View/index/__PUBLIC__9.jpg
INFO: [ app_init ] --START--
INFO: Run Behavior\BuildLiteBehavior [ RunTime:0.000000s ]
INFO: [ app_init ] --END-- [ RunTime:0.000000s ]
ERR: 无法加载模块:CMS

[ 2016-10-10T19:11:51+08:00 ] 127.0.0.1 /thinkphp_3.2.3/CMS/Home/View/index/register.php
INFO: [ app_init ] --START--
INFO: Run Behavior\BuildLiteBehavior [ RunTime:0.000000s ]
INFO: [ app_init ] --END-- [ RunTime:0.001000s ]
ERR: 无法加载模块:CMS

[ 2016-10-10T19:11:53+08:00 ] 127.0.0.1 /thinkphp_3.2.3/CMS/Home/View/index/__PUBLIC__9.jpg
INFO: [ app_init ] --START--
INFO: Run Behavior\BuildLiteBehavior [ RunTime:0.000000s ]
INFO: [ app_init ] --END-- [ RunTime:0.000000s ]
ERR: 无法加载模块:CMS

[ 2016-10-10T19:13:26+08:00 ] 127.0.0.1 /thinkphp_3.2.3/CMS/Home/View/index/__PUBLIC__/home/css/login.css
INFO: [ app_init ] --START--
INFO: Run Behavior\BuildLiteBehavior [ RunTime:0.000000s ]
INFO: [ app_init ] --END-- [ RunTime:0.001000s ]
ERR: 无法加载模块:CMS

[ 2016-10-10T19:13:26+08:00 ] 127.0.0.1 /thinkphp_3.2.3/CMS/Home/View/index/__PUBLIC__/home/css/reset.css
INFO: [ app_init ] --START--
INFO: Run Behavior\BuildLiteBehavior [ RunTime:0.000000s ]
INFO: [ app_init ] --END-- [ RunTime:0.007000s ]
ERR: 无法加载模块:CMS

[ 2016-10-10T19:13:26+08:00 ] 127.0.0.1 /thinkphp_3.2.3/CMS/Home/View/index/__PUBLIC__9.jpg
INFO: [ app_init ] --START--
INFO: Run Behavior\BuildLiteBehavior [ RunTime:0.000000s ]
INFO: [ app_init ] --END-- [ RunTime:0.001000s ]
ERR: 无法加载模块:CMS

[ 2016-10-10T19:13:27+08:00 ] 127.0.0.1 /thinkphp_3.2.3/CMS/Home/View/index/__PUBLIC__/home/css/reset.css
INFO: [ app_init ] --START--
INFO: Run Behavior\BuildLiteBehavior [ RunTime:0.000000s ]
INFO: [ app_init ] --END-- [ RunTime:0.000000s ]
ERR: 无法加载模块:CMS

[ 2016-10-10T19:13:27+08:00 ] 127.0.0.1 /thinkphp_3.2.3/CMS/Home/View/index/__PUBLIC__/home/css/login.css
INFO: [ app_init ] --START--
INFO: Run Behavior\BuildLiteBehavior [ RunTime:0.000000s ]
INFO: [ app_init ] --END-- [ RunTime:0.001000s ]
ERR: 无法加载模块:CMS

[ 2016-10-10T19:13:27+08:00 ] 127.0.0.1 /thinkphp_3.2.3/CMS/Home/View/index/__PUBLIC__9.jpg
INFO: [ app_init ] --START--
INFO: Run Behavior\BuildLiteBehavior [ RunTime:0.000000s ]
INFO: [ app_init ] --END-- [ RunTime:0.000000s ]
ERR: 无法加载模块:CMS

