[ 2016-10-12T09:39:09+08:00 ] 127.0.0.1 /thinkphp_3.2.3/CMS/Home/View/index/__PUBLIC__/cms/css/public.css
INFO: [ app_init ] --START--
INFO: Run Behavior\BuildLiteBehavior [ RunTime:0.000000s ]
INFO: [ app_init ] --END-- [ RunTime:0.000000s ]
ERR: 无法加载模块:CMS

[ 2016-10-12T09:39:09+08:00 ] 127.0.0.1 /thinkphp_3.2.3/CMS/Home/View/index/__PUBLIC__/cms/js/jquery.min.js
INFO: [ app_init ] --START--
INFO: Run Behavior\BuildLiteBehavior [ RunTime:0.000000s ]
INFO: [ app_init ] --END-- [ RunTime:0.006000s ]
ERR: 无法加载模块:CMS

[ 2016-10-12T09:39:09+08:00 ] 127.0.0.1 /thinkphp_3.2.3/CMS/Home/View/index/__PUBLIC__/cms/js/global.js
INFO: [ app_init ] --START--
INFO: Run Behavior\BuildLiteBehavior [ RunTime:0.000000s ]
INFO: [ app_init ] --END-- [ RunTime:0.000000s ]
ERR: 无法加载模块:CMS

[ 2016-10-12T09:39:09+08:00 ] 127.0.0.1 /thinkphp_3.2.3/CMS/Home/View/index/__PUBLIC__/cms/images/dclogo.gif
INFO: [ app_init ] --START--
INFO: Run Behavior\BuildLiteBehavior [ RunTime:0.000000s ]
INFO: [ app_init ] --END-- [ RunTime:0.000000s ]
ERR: 无法加载模块:CMS

[ 2016-10-12T15:25:47+08:00 ] 127.0.0.1 /thinkphp_3.2.3/Public//Uploads/images/2016-10-12/57fde2d62b077.jpg
INFO: [ app_init ] --START--
INFO: Run Behavior\BuildLiteBehavior [ RunTime:0.000000s ]
INFO: [ app_init ] --END-- [ RunTime:0.000000s ]
ERR: 无法加载模块:Public

[ 2016-10-12T15:25:47+08:00 ] 127.0.0.1 /thinkphp_3.2.3/Public//my_cms3/upload/phpF74D.jpg
INFO: [ app_init ] --START--
INFO: Run Behavior\BuildLiteBehavior [ RunTime:0.000000s ]
INFO: [ app_init ] --END-- [ RunTime:0.000000s ]
ERR: 无法加载模块:Public

[ 2016-10-12T15:25:47+08:00 ] 127.0.0.1 /thinkphp_3.2.3/Public//Uploads/images/2016-10-12/57fde3a1251a7.jpg
INFO: [ app_init ] --START--
INFO: Run Behavior\BuildLiteBehavior [ RunTime:0.000000s ]
INFO: [ app_init ] --END-- [ RunTime:0.000000s ]
ERR: 无法加载模块:Public

[ 2016-10-12T15:25:47+08:00 ] 127.0.0.1 /thinkphp_3.2.3/Public//my_cms3/upload/phpB469.jpg
INFO: [ app_init ] --START--
INFO: Run Behavior\BuildLiteBehavior [ RunTime:0.000000s ]
INFO: [ app_init ] --END-- [ RunTime:0.000000s ]
ERR: 无法加载模块:Public

[ 2016-10-12T15:25:48+08:00 ] 127.0.0.1 /thinkphp_3.2.3/Public//my_cms3/upload/phpB469.jpg
INFO: [ app_init ] --START--
INFO: Run Behavior\BuildLiteBehavior [ RunTime:0.000000s ]
INFO: [ app_init ] --END-- [ RunTime:0.001000s ]
ERR: 无法加载模块:Public

[ 2016-10-12T15:25:48+08:00 ] 127.0.0.1 /thinkphp_3.2.3/Public//Uploads/images/2016-10-12/57fde3a1251a7.jpg
INFO: [ app_init ] --START--
INFO: Run Behavior\BuildLiteBehavior [ RunTime:0.000000s ]
INFO: [ app_init ] --END-- [ RunTime:0.001000s ]
ERR: 无法加载模块:Public

[ 2016-10-12T15:25:48+08:00 ] 127.0.0.1 /thinkphp_3.2.3/Public//Uploads/images/2016-10-12/57fde2d62b077.jpg
INFO: [ app_init ] --START--
INFO: Run Behavior\BuildLiteBehavior [ RunTime:0.000000s ]
INFO: [ app_init ] --END-- [ RunTime:0.001000s ]
ERR: 无法加载模块:Public

[ 2016-10-12T15:25:48+08:00 ] 127.0.0.1 /thinkphp_3.2.3/Public//my_cms3/upload/phpA98A.jpg
INFO: [ app_init ] --START--
INFO: Run Behavior\BuildLiteBehavior [ RunTime:0.000000s ]
INFO: [ app_init ] --END-- [ RunTime:0.000000s ]
ERR: 无法加载模块:Public

[ 2016-10-12T15:25:48+08:00 ] 127.0.0.1 /thinkphp_3.2.3/Public//my_cms3/upload/phpF74D.jpg
INFO: [ app_init ] --START--
INFO: Run Behavior\BuildLiteBehavior [ RunTime:0.000000s ]
INFO: [ app_init ] --END-- [ RunTime:0.000000s ]
ERR: 无法加载模块:Public

